<?xml version="1.0" encoding="UTF-8"?>
<testng-results ignored="0" total="1" passed="1" failed="0" skipped="0">
  <reporter-output>
  </reporter-output>
  <suite started-at="2022-04-24T12:59:08 IST" name="Default suite" finished-at="2022-04-24T12:59:31 IST" duration-ms="23031">
    <groups>
    </groups>
    <test started-at="2022-04-24T12:59:08 IST" name="Default test" finished-at="2022-04-24T12:59:31 IST" duration-ms="23031">
      <class name="com.inetbanking.testcases.LoginTC001">
        <test-method is-config="true" signature="init()[pri:0, instance:com.inetbanking.testcases.LoginTC001@5677323c]" started-at="2022-04-24T12:59:03 IST" name="init" finished-at="2022-04-24T12:59:08 IST" duration-ms="4408" status="PASS">
          <reporter-output>
          </reporter-output>
        </test-method> <!-- init -->
        <test-method is-config="true" signature="setUp(java.lang.String)[pri:0, instance:com.inetbanking.testcases.LoginTC001@5677323c]" started-at="2022-04-24T12:59:08 IST" name="setUp" finished-at="2022-04-24T12:59:24 IST" duration-ms="16558" status="PASS">
          <params>
            <param index="0">
              <value>
                <![CDATA[Chrome]]>
              </value>
            </param>
          </params>
          <reporter-output>
          </reporter-output>
        </test-method> <!-- setUp -->
        <test-method signature="verifyLoginFunctionalityTC001()[pri:0, instance:com.inetbanking.testcases.LoginTC001@5677323c]" started-at="2022-04-24T12:59:24 IST" name="verifyLoginFunctionalityTC001" finished-at="2022-04-24T12:59:30 IST" duration-ms="5166" status="PASS">
          <reporter-output>
          </reporter-output>
        </test-method> <!-- verifyLoginFunctionalityTC001 -->
        <test-method is-config="true" signature="teardown(org.testng.ITestResult)[pri:0, instance:com.inetbanking.testcases.LoginTC001@5677323c]" started-at="2022-04-24T12:59:30 IST" name="teardown" finished-at="2022-04-24T12:59:30 IST" duration-ms="668" status="PASS">
          <params>
            <param index="0">
              <value>
                <![CDATA[[TestResult name=verifyLoginFunctionalityTC001 status=SUCCESS method=LoginTC001.verifyLoginFunctionalityTC001()[pri:0, instance:com.inetbanking.testcases.LoginTC001@5677323c] output={null}]]]>
              </value>
            </param>
          </params>
          <reporter-output>
          </reporter-output>
        </test-method> <!-- teardown -->
        <test-method is-config="true" signature="flushReport()[pri:0, instance:com.inetbanking.testcases.LoginTC001@5677323c]" started-at="2022-04-24T12:59:30 IST" name="flushReport" finished-at="2022-04-24T12:59:31 IST" duration-ms="573" status="PASS">
          <reporter-output>
          </reporter-output>
        </test-method> <!-- flushReport -->
      </class> <!-- com.inetbanking.testcases.LoginTC001 -->
    </test> <!-- Default test -->
  </suite> <!-- Default suite -->
</testng-results>
